2014-05-28	15:23:37:817	2728	3a0	Misc	===========  Logging initialized (build: 7.9.9600.17093, tz: +0100)  ===========
2014-05-28	15:23:37:817	2728	3a0	Misc	  = Process: C:\Windows\WinStore\WSHost.exe
2014-05-28	15:23:37:817	2728	3a0	Misc	  = Module: C:\Windows\System32\wuapi.dll
2014-05-28	15:23:37:817	2728	3a0	COMAPI	-------------
2014-05-28	15:23:37:817	2728	3a0	COMAPI	-- START --  COMAPI: SLS Discovery
2014-05-28	15:23:37:817	2728	3a0	COMAPI	---------
2014-05-28	15:23:37:865	2728	3a0	COMAPI	<<-- SUBMITTED -- COMAPI: SLS Discovery
2014-05-28	15:23:38:208	2728	aec	COMAPI	>>--  RESUMED  -- COMAPI: Discovery
2014-05-28	15:23:38:208	2728	aec	COMAPI	---------
2014-05-28	15:23:38:208	2728	aec	COMAPI	--  END  --  COMAPI: Discovery
2014-05-28	15:23:38:208	2728	aec	COMAPI	-------------
2014-05-28	15:23:39:536	2728	3fc	COMAPI	-------------
2014-05-28	15:23:39:536	2728	3fc	COMAPI	-- START --  COMAPI: EvaluateHardwareCapabilities
2014-05-28	15:23:39:536	2728	3fc	COMAPI	---------
2014-05-28	15:23:39:536	2728	3fc	COMAPI	---------
2014-05-28	15:23:39:536	2728	3fc	COMAPI	--  END  --  COMAPI: EvaluateHardwareCapabilities
2014-05-28	15:23:39:536	2728	3fc	COMAPI	-------------
2014-05-28	15:23:39:770	2728	3fc	COMAPI	-------------
2014-05-28	15:23:39:770	2728	3fc	COMAPI	-- START --  COMAPI: Init Search [ClientId = WSReacquisition]
2014-05-28	15:23:39:770	2728	3fc	COMAPI	---------
2014-05-28	15:23:39:770	2728	3fc	COMAPI	-------------
2014-05-28	15:23:39:770	2728	3fc	COMAPI	-- START --  COMAPI: Search [ClientId = WSReacquisition]
2014-05-28	15:23:39:770	2728	3fc	COMAPI	---------
2014-05-28	15:23:39:770	2728	3fc	COMAPI	<<-- SUBMITTED -- COMAPI: Search [ClientId = WSReacquisition]
2014-05-28	15:23:42:911	2728	3a0	COMAPI	>>--  RESUMED  -- COMAPI: Search [ClientId = WSReacquisition]
2014-05-28	15:23:42:911	2728	3a0	COMAPI	  - Updates found = 23
2014-05-28	15:23:42:911	2728	3a0	COMAPI	---------
2014-05-28	15:23:42:911	2728	3a0	COMAPI	--  END  --  COMAPI: Search [ClientId = WSReacquisition]
2014-05-28	15:23:42:911	2728	3a0	COMAPI	-------------
2014-05-28	15:23:54:677	2728	3a0	COMAPI	-------------
2014-05-28	15:23:54:677	2728	3a0	COMAPI	-- START --  COMAPI: SLS Discovery
2014-05-28	15:23:54:677	2728	3a0	COMAPI	---------
2014-05-28	15:23:54:725	2728	3a0	COMAPI	<<-- SUBMITTED -- COMAPI: SLS Discovery
2014-05-28	15:23:56:661	2728	e94	COMAPI	>>--  RESUMED  -- COMAPI: Discovery
2014-05-28	15:23:56:661	2728	e94	COMAPI	---------
2014-05-28	15:23:56:661	2728	e94	COMAPI	--  END  --  COMAPI: Discovery
2014-05-28	15:23:56:661	2728	e94	COMAPI	-------------
2014-05-28	15:23:56:911	2728	8d0	COMAPI	-------------
2014-05-28	15:23:56:911	2728	8d0	COMAPI	-- START --  COMAPI: EvaluateHardwareCapabilities
2014-05-28	15:23:56:911	2728	8d0	COMAPI	---------
2014-05-28	15:23:56:911	2728	8d0	COMAPI	---------
2014-05-28	15:23:56:911	2728	8d0	COMAPI	--  END  --  COMAPI: EvaluateHardwareCapabilities
2014-05-28	15:23:56:911	2728	8d0	COMAPI	-------------
